<?xml version="1.0" encoding="UTF-8"?>
<testng-results ignored="0" total="1" passed="1" failed="0" skipped="0">
  <reporter-output>
  </reporter-output>
  <suite started-at="2023-03-27T16:52:21 IST" name="Default suite" finished-at="2023-03-27T16:52:21 IST" duration-ms="254">
    <groups>
    </groups>
    <test started-at="2023-03-27T16:52:21 IST" name="Default test" finished-at="2023-03-27T16:52:21 IST" duration-ms="254">
      <class name="TestNGLearning.Assertion">
        <test-method signature="checkequal()[pri:0, instance:TestNGLearning.Assertion@5be6e01c]" started-at="2023-03-27T16:52:21 IST" name="checkequal" finished-at="2023-03-27T16:52:21 IST" duration-ms="72" status="PASS">
          <reporter-output>
          </reporter-output>
        </test-method> <!-- checkequal -->
      </class> <!-- TestNGLearning.Assertion -->
    </test> <!-- Default test -->
  </suite> <!-- Default suite -->
</testng-results>
